This is pdfTeX, Version 3.14159265-2.6-1.40.20 (MiKTeX 2.9.7140 64-bit) (preloaded format=pdflatex 2019.8.13)  16 AUG 2019 12:46
entering extended mode
**./Simulation.tex
(Simulation.tex
LaTeX2e <2018-12-01>
("C:\Program Files\MiKTeX 2.9\tex/latex/base\article.cls"
Document Class: article 2018/09/03 v1.4i Standard LaTeX document class
("C:\Program Files\MiKTeX 2.9\tex/latex/base\size12.clo"
File: size12.clo 2018/09/03 v1.4i Standard LaTeX file (size option)
)
\c@part=\count80
\c@section=\count81
\c@subsection=\count82
\c@subsubsection=\count83
\c@paragraph=\count84
\c@subparagraph=\count85
\c@figure=\count86
\c@table=\count87
\abovecaptionskip=\skip41
\belowcaptionskip=\skip42
\bibindent=\dimen102
)
(C:\Users\NILSEGGE\AppData\Roaming\MiKTeX\2.9\tex/latex/listings\listings.sty
("C:\Program Files\MiKTeX 2.9\tex/latex/graphics\keyval.sty"
Package: keyval 2014/10/28 v1.15 key=value parser (DPC)
\KV@toks@=\toks14
)
\lst@mode=\count88
\lst@gtempboxa=\box27
\lst@token=\toks15
\lst@length=\count89
\lst@currlwidth=\dimen103
\lst@column=\count90
\lst@pos=\count91
\lst@lostspace=\dimen104
\lst@width=\dimen105
\lst@newlines=\count92
\lst@lineno=\count93
\lst@maxwidth=\dimen106

(C:\Users\NILSEGGE\AppData\Roaming\MiKTeX\2.9\tex/latex/listings\lstmisc.sty
File: lstmisc.sty 2019/02/27 1.8b (Carsten Heinz)
\c@lstnumber=\count94
\lst@skipnumbers=\count95
\lst@framebox=\box28
)
(C:\Users\NILSEGGE\AppData\Roaming\MiKTeX\2.9\tex/latex/listings\listings.cfg
File: listings.cfg 2019/02/27 1.8b listings configuration
))
Package: listings 2019/02/27 1.8b (Carsten Heinz)
("C:\Program Files\MiKTeX 2.9\tex/latex/graphics\color.sty"
Package: color 2016/07/10 v1.1e Standard LaTeX Color (DPC)

("C:\Program Files\MiKTeX 2.9\tex/latex/graphics-cfg\color.cfg"
File: color.cfg 2016/01/02 v1.6 sample color configuration
)
Package color Info: Driver file: pdftex.def on input line 147.

("C:\Program Files\MiKTeX 2.9\tex/latex/graphics-def\pdftex.def"
File: pdftex.def 2018/01/08 v1.0l Graphics/color driver for pdftex
))
("C:\Program Files\MiKTeX 2.9\tex/latex/graphics\graphicx.sty"
Package: graphicx 2017/06/01 v1.1a Enhanced LaTeX Graphics (DPC,SPQR)

("C:\Program Files\MiKTeX 2.9\tex/latex/graphics\graphics.sty"
Package: graphics 2017/06/25 v1.2c Standard LaTeX Graphics (DPC,SPQR)

("C:\Program Files\MiKTeX 2.9\tex/latex/graphics\trig.sty"
Package: trig 2016/01/03 v1.10 sin cos tan (DPC)
)
("C:\Program Files\MiKTeX 2.9\tex/latex/graphics-cfg\graphics.cfg"
File: graphics.cfg 2016/06/04 v1.11 sample graphics configuration
)
Package graphics Info: Driver file: pdftex.def on input line 99.
)
\Gin@req@height=\dimen107
\Gin@req@width=\dimen108
)
(C:\Users\NILSEGGE\AppData\Roaming\MiKTeX\2.9\tex/latex/listings\lstlang1.sty
File: lstlang1.sty 2019/02/27 1.8b listings language file
)
(Simulation.aux)
\openout1 = `Simulation.aux'.

LaTeX Font Info:    Checking defaults for OML/cmm/m/it on input line 30.
LaTeX Font Info:    ... okay on input line 30.
LaTeX Font Info:    Checking defaults for T1/cmr/m/n on input line 30.
LaTeX Font Info:    ... okay on input line 30.
LaTeX Font Info:    Checking defaults for OT1/cmr/m/n on input line 30.
LaTeX Font Info:    ... okay on input line 30.
LaTeX Font Info:    Checking defaults for OMS/cmsy/m/n on input line 30.
LaTeX Font Info:    ... okay on input line 30.
LaTeX Font Info:    Checking defaults for OMX/cmex/m/n on input line 30.
LaTeX Font Info:    ... okay on input line 30.
LaTeX Font Info:    Checking defaults for U/cmr/m/n on input line 30.
LaTeX Font Info:    ... okay on input line 30.
\c@lstlisting=\count96

(C:\Users\NILSEGGE\AppData\Roaming\MiKTeX\2.9\tex/context/base/mkii\supp-pdf.mk
ii
[Loading MPS to PDF converter (version 2006.09.02).]
\scratchcounter=\count97
\scratchdimen=\dimen109
\scratchbox=\box29
\nofMPsegments=\count98
\nofMParguments=\count99
\everyMPshowfont=\toks16
\MPscratchCnt=\count100
\MPscratchDim=\dimen110
\MPnumerator=\count101
\makeMPintoPDFobject=\count102
\everyMPtoPDFconversion=\toks17
) ("C:\Program Files\MiKTeX 2.9\tex/latex/oberdiek\epstopdf-base.sty"
Package: epstopdf-base 2016/05/15 v2.6 Base part for package epstopdf

("C:\Program Files\MiKTeX 2.9\tex/generic/oberdiek\infwarerr.sty"
Package: infwarerr 2016/05/16 v1.4 Providing info/warning/error messages (HO)
)
("C:\Program Files\MiKTeX 2.9\tex/latex/oberdiek\grfext.sty"
Package: grfext 2016/05/16 v1.2 Manage graphics extensions (HO)

("C:\Program Files\MiKTeX 2.9\tex/generic/oberdiek\kvdefinekeys.sty"
Package: kvdefinekeys 2016/05/16 v1.4 Define keys (HO)

("C:\Program Files\MiKTeX 2.9\tex/generic/oberdiek\ltxcmds.sty"
Package: ltxcmds 2016/05/16 v1.23 LaTeX kernel commands for general use (HO)
)))
("C:\Program Files\MiKTeX 2.9\tex/latex/oberdiek\kvoptions.sty"
Package: kvoptions 2016/05/16 v3.12 Key value format for package options (HO)

("C:\Program Files\MiKTeX 2.9\tex/generic/oberdiek\kvsetkeys.sty"
Package: kvsetkeys 2016/05/16 v1.17 Key value parser (HO)

("C:\Program Files\MiKTeX 2.9\tex/generic/oberdiek\etexcmds.sty"
Package: etexcmds 2016/05/16 v1.6 Avoid name clashes with e-TeX commands (HO)

("C:\Program Files\MiKTeX 2.9\tex/generic/oberdiek\ifluatex.sty"
Package: ifluatex 2016/05/16 v1.4 Provides the ifluatex switch (HO)
Package ifluatex Info: LuaTeX not detected.
))))
("C:\Program Files\MiKTeX 2.9\tex/generic/oberdiek\pdftexcmds.sty"
Package: pdftexcmds 2019/07/25 v0.30 Utility functions of pdfTeX for LuaTeX (HO
)

("C:\Program Files\MiKTeX 2.9\tex/generic/oberdiek\ifpdf.sty"
Package: ifpdf 2018/09/07 v3.3 Provides the ifpdf switch
)
Package pdftexcmds Info: LuaTeX not detected.
Package pdftexcmds Info: \pdf@primitive is available.
Package pdftexcmds Info: \pdf@ifprimitive is available.
Package pdftexcmds Info: \pdfdraftmode found.
)
Package epstopdf-base Info: Redefining graphics rule for `.eps' on input line 4
38.
Package grfext Info: Graphics extension search list:
(grfext)             [.pdf,.png,.jpg,.mps,.jpeg,.jbig2,.jb2,.PDF,.PNG,.JPG,.JPE
G,.JBIG2,.JB2,.eps]
(grfext)             \AppendGraphicsExtensions on input line 456.
)
LaTeX Font Info:    External font `cmex10' loaded for size
(Font)              <14.4> on input line 32.
LaTeX Font Info:    External font `cmex10' loaded for size
(Font)              <7> on input line 32.

(Simulation.toc
LaTeX Font Info:    External font `cmex10' loaded for size
(Font)              <12> on input line 3.
LaTeX Font Info:    External font `cmex10' loaded for size
(Font)              <8> on input line 3.
LaTeX Font Info:    External font `cmex10' loaded for size
(Font)              <6> on input line 3.
)
\tf@toc=\write3
\openout3 = `Simulation.toc'.


Overfull \hbox (15.7194pt too wide) in paragraph at lines 37--38
\OT1/cmr/m/n/12 Als wir auf die Idee ka-men einen Roboter zu bauen und dazu ein
e Steuerungssoft-
 []

[1

{C:/Users/NILSEGGE/AppData/Local/MiKTeX/2.9/pdftex/config/pdftex.map}]
LaTeX Font Info:    Try loading font information for OMS+cmr on input line 47.

("C:\Program Files\MiKTeX 2.9\tex/latex/base\omscmr.fd"
File: omscmr.fd 2014/09/29 v2.5h Standard LaTeX font definitions
)
LaTeX Font Info:    Font shape `OMS/cmr/m/n' in size <12> not available
(Font)              Font shape `OMS/cmsy/m/n' tried instead on input line 47.

Overfull \hbox (16.08054pt too wide) in paragraph at lines 65--66
\OT1/cmr/m/n/12 Falls Sie eine Fehler-mel-dung von fehlen-den Paketen (Bib-lio-
theken) uberkommen,
 []

<simulation_visuelle_erklaerung.PNG, id=8, 904.88063pt x 565.36218pt>
File: simulation_visuelle_erklaerung.PNG Graphic file (type png)
<use simulation_visuelle_erklaerung.PNG>
Package pdftex.def Info: simulation_visuelle_erklaerung.PNG  used on input line
 67.
(pdftex.def)             Requested size: 390.0pt x 243.66173pt.
[2] [3 <./simulation_visuelle_erklaerung.PNG>] [4] [5]
<demonstration/simulation_start.PNG, id=26, 907.89188pt x 569.87906pt>
File: demonstration/simulation_start.PNG Graphic file (type png)
<use demonstration/simulation_start.PNG>
Package pdftex.def Info: demonstration/simulation_start.PNG  used on input line
 118.
(pdftex.def)             Requested size: 390.0pt x 244.79973pt.
<demonstration/linker_motor_angezogen.PNG, id=27, 302.63063pt x 167.12437pt>
File: demonstration/linker_motor_angezogen.PNG Graphic file (type png)
<use demonstration/linker_motor_angezogen.PNG>
Package pdftex.def Info: demonstration/linker_motor_angezogen.PNG  used on inpu
t line 120.
(pdftex.def)             Requested size: 390.0pt x 215.37456pt.
<demonstration/extremfall1.PNG, id=28, 901.86937pt x 565.36218pt>
File: demonstration/extremfall1.PNG Graphic file (type png)
<use demonstration/extremfall1.PNG>
Package pdftex.def Info: demonstration/extremfall1.PNG  used on input line 124.

(pdftex.def)             Requested size: 390.0pt x 244.48126pt.
<demonstration/extremfall2.PNG, id=29, 907.13907pt x 566.115pt>
File: demonstration/extremfall2.PNG Graphic file (type png)
<use demonstration/extremfall2.PNG>
Package pdftex.def Info: demonstration/extremfall2.PNG  used on input line 125.

(pdftex.def)             Requested size: 390.0pt x 243.38152pt.
<demonstration/extremfall3.PNG, id=30, 901.86937pt x 563.85657pt>
File: demonstration/extremfall3.PNG Graphic file (type png)
<use demonstration/extremfall3.PNG>
Package pdftex.def Info: demonstration/extremfall3.PNG  used on input line 127.

(pdftex.def)             Requested size: 390.0pt x 243.8302pt.

Underfull \hbox (badness 10000) in paragraph at lines 117--128

 []

[6 <./demonstration/simulation_start.PNG>] [7 <./demonstration/linker_motor_ang
ezogen.PNG>] [8 <./demonstration/extremfall1.PNG> <./demonstration/extremfall2.
PNG>] [9 <./demonstration/extremfall3.PNG>]
Overfull \hbox (9.0917pt too wide) in paragraph at lines 172--173
\OT1/cmr/m/n/12 Nun wird die Funk-tion in zwei Rich-tun-gen aufgeteilt, wenn de
r Mo-tor aufgerollt
 []

[10]
<motor_wanderlinie.PNG, id=52, 906.38625pt x 566.115pt>
File: motor_wanderlinie.PNG Graphic file (type png)
<use motor_wanderlinie.PNG>
Package pdftex.def Info: motor_wanderlinie.PNG  used on input line 201.
(pdftex.def)             Requested size: 390.0pt x 243.58882pt.

Overfull \hbox (4.78758pt too wide) in paragraph at lines 200--203
\OT1/cmr/m/n/12 Fur diese Be-we-gung gibt es fur beide Mo-toren wieder eine g
egen-seit-ige kopierte
 []

[11] [12 <./motor_wanderlinie.PNG>] [13] [14]
<fehler.PNG, id=67, 904.88063pt x 569.12625pt>
File: fehler.PNG Graphic file (type png)
<use fehler.PNG>
Package pdftex.def Info: fehler.PNG  used on input line 280.
(pdftex.def)             Requested size: 390.0pt x 245.28398pt.
 [15 <./fehler.PNG>]
Overfull \hbox (59.42686pt too wide) in paragraph at lines 294--295
[][][][][][][][] 
 []

[16] [17] [18] (Simulation.aux) ) 
Here is how much of TeX's memory you used:
 3368 strings out of 492895
 46795 string characters out of 3133470
 318935 words of memory out of 3000000
 7260 multiletter control sequences out of 15000+200000
 9276 words of font info for 33 fonts, out of 3000000 for 9000
 1141 hyphenation exceptions out of 8191
 41i,6n,40p,2172b,1654s stack positions out of 5000i,500n,10000p,200000b,50000s
<C:/Program Files/MiKTeX 2.9/fonts/type1/publi
c/amsfonts/cm/cmbx12.pfb><C:/Program Files/MiKTeX 2.9/fonts/type1/public/amsfon
ts/cm/cmmi12.pfb><C:/Program Files/MiKTeX 2.9/fonts/type1/public/amsfonts/cm/cm
r12.pfb><C:/Program Files/MiKTeX 2.9/fonts/type1/public/amsfonts/cm/cmr17.pfb><
C:/Program Files/MiKTeX 2.9/fonts/type1/public/amsfonts/cm/cmsy10.pfb><C:/Progr
am Files/MiKTeX 2.9/fonts/type1/public/amsfonts/cm/cmtt10.pfb>
Output written on Simulation.pdf (18 pages, 177031 bytes).
PDF statistics:
 101 PDF objects out of 1000 (max. 8388607)
 0 named destinations out of 1000 (max. 500000)
 41 words of extra memory for PDF output out of 10000 (max. 10000000)

